<?xml version="1.0" encoding="UTF-8"?>
<!-- Generated by org.testng.reporters.JUnitReportReporter -->
<testsuite skipped="0" hostname="LAPTOP-SF99IFHK" name="com.testcases.AustraliaAPI" tests="1" failures="0" timestamp="18 Sep 2020 03:13:19 GMT" time="4.472" errors="0">
  <testcase name="calculateDeliveryCost" time="4.472" classname="com.testcases.AustraliaAPI"/>
</testsuite> <!-- com.testcases.AustraliaAPI -->
